Build started 19-11-2018 01:58:08.
     1>Project "C:\Users\Krishh\Documents\Visual Studio 2010\Projects\BK_SPECIAL\Final_5_words\184101010_training_HMM_model\184101010_training_HMM_model\184101010_training_HMM_model.vcxproj" on node 2 (build target(s)).
     1>InitializeBuildStatus:
         Creating "Debug\184101010_training_HMM_model.unsuccessfulbuild" because "AlwaysCreate" was specified.
       ClCompile:
         C:\Program Files (x86)\Microsoft Visual Studio 10.0\VC\bin\CL.exe /c /ZI /nologo /W3 /WX- /Od /Oy- /D WIN32 /D _DEBUG /D _CONSOLE /D _UNICODE /D UNICODE /Gm /EHsc /RTC1 /MDd /GS /fp:precise /Zc:wchar_t /Zc:forScope /Yc"StdAfx.h" /Fp"Debug\184101010_training_HMM_model.pch" /Fo"Debug\\" /Fd"Debug\vc100.pdb" /Gd /TP /analyze- /errorReport:prompt stdafx.cpp
         stdafx.cpp
         C:\Program Files (x86)\Microsoft Visual Studio 10.0\VC\bin\CL.exe /c /ZI /nologo /W3 /WX- /Od /Oy- /D WIN32 /D _DEBUG /D _CONSOLE /D _UNICODE /D UNICODE /Gm /EHsc /RTC1 /MDd /GS /fp:precise /Zc:wchar_t /Zc:forScope /Yu"StdAfx.h" /Fp"Debug\184101010_training_HMM_model.pch" /Fo"Debug\\" /Fd"Debug\vc100.pdb" /Gd /TP /analyze- /errorReport:prompt 184101010_training_HMM_model.cpp
         184101010_training_HMM_model.cpp
     1>c:\users\krishh\documents\visual studio 2010\projects\bk_special\final_5_words\184101010_training_hmm_model\184101010_training_hmm_model\184101010_training_hmm_model.cpp(525): warning C4244: '=' : conversion from 'long double' to 'int', possible loss of data
       ManifestResourceCompile:
         C:\Program Files (x86)\Microsoft SDKs\Windows\v7.0A\bin\rc.exe /nologo /fo"Debug\184101010_training_HMM_model.exe.embed.manifest.res" Debug\184101010_training_HMM_model_manifest.rc 
       Link:
         C:\Program Files (x86)\Microsoft Visual Studio 10.0\VC\bin\link.exe /ERRORREPORT:PROMPT /OUT:"C:\Users\Krishh\Documents\Visual Studio 2010\Projects\BK_SPECIAL\Final_5_words\184101010_training_HMM_model\Debug\184101010_training_HMM_model.exe" /INCREMENTAL /NOLOGO kernel32.lib user32.lib gdi32.lib winspool.lib comdlg32.lib advapi32.lib shell32.lib ole32.lib oleaut32.lib uuid.lib odbc32.lib odbccp32.lib /MANIFEST /ManifestFile:"Debug\184101010_training_HMM_model.exe.intermediate.manifest" /MANIFESTUAC:"level='asInvoker' uiAccess='false'" /DEBUG /PDB:"C:\Users\Krishh\Documents\Visual Studio 2010\Projects\BK_SPECIAL\Final_5_words\184101010_training_HMM_model\Debug\184101010_training_HMM_model.pdb" /SUBSYSTEM:CONSOLE /TLBID:1 /DYNAMICBASE /NXCOMPAT /IMPLIB:"C:\Users\Krishh\Documents\Visual Studio 2010\Projects\BK_SPECIAL\Final_5_words\184101010_training_HMM_model\Debug\184101010_training_HMM_model.lib" /MACHINE:X86 Debug\184101010_training_HMM_model.exe.embed.manifest.res
         Debug\184101010_training_HMM_model.obj
         Debug\stdafx.obj
       Manifest:
         C:\Program Files (x86)\Microsoft SDKs\Windows\v7.0A\bin\mt.exe /nologo /verbose /out:"Debug\184101010_training_HMM_model.exe.embed.manifest" /manifest Debug\184101010_training_HMM_model.exe.intermediate.manifest
         All outputs are up-to-date.
       LinkEmbedManifest:
         All outputs are up-to-date.
         184101010_training_HMM_model.vcxproj -> C:\Users\Krishh\Documents\Visual Studio 2010\Projects\BK_SPECIAL\Final_5_words\184101010_training_HMM_model\Debug\184101010_training_HMM_model.exe
       FinalizeBuildStatus:
         Deleting file "Debug\184101010_training_HMM_model.unsuccessfulbuild".
         Touching "Debug\184101010_training_HMM_model.lastbuildstate".
     1>Done Building Project "C:\Users\Krishh\Documents\Visual Studio 2010\Projects\BK_SPECIAL\Final_5_words\184101010_training_HMM_model\184101010_training_HMM_model\184101010_training_HMM_model.vcxproj" (build target(s)).

Build succeeded.

Time Elapsed 00:00:03.15
